# ASSERT: Error: ASRT_0005 testbench.sv(28): Assertion "a_1" FAILED at time: 15ns, scope: forbidding_property, start-time: 5ns
# ASSERT: Error: ASRT_0005 testbench.sv(28): Assertion "a_1" FAILED at time: 55ns, scope: forbidding_property, start-time: 45ns
# ASSERT: Error: ASRT_0005 testbench.sv(28): Assertion "a_1" FAILED at time: 65ns, scope: forbidding_property, start-time: 55ns
