# ASSERT: Error: ASRT_0005 testbench.sv(45): Assertion "a_2" FAILED at time: 25ns, scope: or_construct, start-time: 15ns
# ASSERT: Error: ASRT_0005 testbench.sv(44): Assertion "a_1" FAILED at time: 65ns, scope: or_construct, start-time: 45ns
# ASSERT: Error: ASRT_0005 testbench.sv(45): Assertion "a_2" FAILED at time: 65ns, scope: or_construct, start-time: 45ns
# ASSERT: Error: ASRT_0005 testbench.sv(44): Assertion "a_1" FAILED at time: 95ns, scope: or_construct, start-time: 65ns
